<?xml version="1.0" encoding="UTF-8"?>
<!-- Generated by org.testng.reporters.JUnitReportReporter -->
<testsuite hostname="User-PC" failures="0" tests="1" name="com.saucedemo.RemoveButtonAtHomepageTest" time="2.809" errors="0" timestamp="2021-09-12T17:13:41 MSK" skipped="0">
  <testcase classname="com.saucedemo.RemoveButtonAtHomepageTest" name="removeButtonAtShoppingCartTest" time="2.809"/>
  <system-out/>
</testsuite> <!-- com.saucedemo.RemoveButtonAtHomepageTest -->
