<?xml version="1.0" encoding="UTF-8"?>
<!-- Generated by org.testng.reporters.JUnitReportReporter -->
<testsuite hostname="User-PC" failures="0" tests="1" name="com.saucedemo.CheckoutTest" time="6.811" errors="0" timestamp="2021-09-12T17:16:16 MSK" skipped="0">
  <testcase classname="com.saucedemo.CheckoutTest" name="checkoutTest" time="6.811"/>
  <system-out/>
</testsuite> <!-- com.saucedemo.CheckoutTest -->
