<?xml version="1.0" encoding="UTF-8"?>
<!-- Generated by org.testng.reporters.JUnitReportReporter -->
<testsuite hostname="User-PC" failures="0" tests="1" name="com.saucedemo.ContinueShoppingTest" time="3.091" errors="0" timestamp="2021-09-12T17:13:41 MSK" skipped="0">
  <testcase classname="com.saucedemo.ContinueShoppingTest" name="continueShoppingTest" time="3.091"/>
  <system-out/>
</testsuite> <!-- com.saucedemo.ContinueShoppingTest -->
