<?xml version="1.0" encoding="UTF-8"?>
<!-- Generated by org.testng.reporters.JUnitReportReporter -->
<testsuite hostname="User-PC" failures="0" tests="1" name="com.saucedemo.LogoutTest" time="3.609" errors="0" timestamp="2021-09-12T17:13:42 MSK" skipped="0">
  <testcase classname="com.saucedemo.LogoutTest" name="logoutTest" time="3.609"/>
  <system-out/>
</testsuite> <!-- com.saucedemo.LogoutTest -->
