<?xml version="1.0" encoding="UTF-8"?>
<!-- Generated by org.testng.reporters.JUnitReportReporter -->
<testsuite hostname="User-PC" failures="0" tests="1" name="com.saucedemo.LoginAndAddingToShoppingCartTest" time="3.007" errors="0" timestamp="2021-09-12T17:13:41 MSK" skipped="0">
  <testcase classname="com.saucedemo.LoginAndAddingToShoppingCartTest" name="loginAndAddingToShoppingCartTest" time="3.007"/>
  <system-out/>
</testsuite> <!-- com.saucedemo.LoginAndAddingToShoppingCartTest -->
